<?xml version="1.0" encoding="UTF-8"?>
<!-- Generated by org.testng.reporters.JUnitReportReporter -->
<testsuite hostname="DESKTOP-5MTP625" failures="0" tests="1" name="testcases.LoginTest" time="1.149" errors="0" timestamp="2023-12-04T15:16:13 EET" skipped="0">
  <testcase classname="testcases.LoginTest" name="openSignUpTC" time="1.149"/>
</testsuite> <!-- testcases.LoginTest -->
