<?xml version="1.0" encoding="UTF-8"?>
<!-- Generated by org.testng.reporters.JUnitReportReporter -->
<testsuite hostname="DESKTOP-5MTP625" failures="0" tests="1" name="testcases.RegisterTest" time="3.892" errors="0" timestamp="2023-12-04T15:16:13 EET" skipped="0">
  <testcase classname="testcases.RegisterTest" name="registerAccountTC" time="3.892"/>
</testsuite> <!-- testcases.RegisterTest -->
